app/build/outputs/mapping/release/seeds.txt
com.scanner.fbs_scanner.Activityklassen.Anzeige
com.scanner.fbs_scanner.Activityklassen.Anzeige: Anzeige()
com.scanner.fbs_scanner.Activityklassen.Hauptmenue
com.scanner.fbs_scanner.Activityklassen.Hauptmenue: Hauptmenue()
com.scanner.fbs_scanner.Activityklassen.Raumdetails
com.scanner.fbs_scanner.Activityklassen.Raumdetails: Raumdetails()
com.scanner.fbs_scanner.Activityklassen.Scannen
com.scanner.fbs_scanner.Activityklassen.Scannen: Scannen()
com.scanner.fbs_scanner.R$anim: int abc_fade_in
com.scanner.fbs_scanner.R$anim: int abc_fade_out
com.scanner.fbs_scanner.R$anim: int abc_grow_fade_in_from_bottom
com.scanner.fbs_scanner.R$anim: int abc_popup_enter
com.scanner.fbs_scanner.R$anim: int abc_popup_exit
com.scanner.fbs_scanner.R$anim: int abc_shrink_fade_out_from_bottom
com.scanner.fbs_scanner.R$anim: int abc_slide_in_bottom
com.scanner.fbs_scanner.R$anim: int abc_slide_in_top
com.scanner.fbs_scanner.R$anim: int abc_slide_out_bottom
com.scanner.fbs_scanner.R$anim: int abc_slide_out_top
com.scanner.fbs_scanner.R$anim: int abc_tooltip_enter
com.scanner.fbs_scanner.R$anim: int abc_tooltip_exit
com.scanner.fbs_scanner.R$anim: int design_bottom_sheet_slide_in
com.scanner.fbs_scanner.R$anim: int design_bottom_sheet_slide_out
com.scanner.fbs_scanner.R$anim: int design_snackbar_in
com.scanner.fbs_scanner.R$anim: int design_snackbar_out
com.scanner.fbs_scanner.R$animator: int design_appbar_state_list_animator
com.scanner.fbs_scanner.R$animator: int design_fab_hide_motion_spec
com.scanner.fbs_scanner.R$animator: int design_fab_show_motion_spec
com.scanner.fbs_scanner.R$animator: int mtrl_btn_state_list_anim
com.scanner.fbs_scanner.R$animator: int mtrl_btn_unelevated_state_list_anim
com.scanner.fbs_scanner.R$animator: int mtrl_chip_state_list_anim
com.scanner.fbs_scanner.R$animator: int mtrl_fab_hide_motion_spec
com.scanner.fbs_scanner.R$animator: int mtrl_fab_show_motion_spec
com.scanner.fbs_scanner.R$animator: int mtrl_fab_transformation_sheet_collapse_spec
com.scanner.fbs_scanner.R$animator: int mtrl_fab_transformation_sheet_expand_spec
com.scanner.fbs_scanner.R$array: int typen
com.scanner.fbs_scanner.R$attr: int actionBarDivider
com.scanner.fbs_scanner.R$attr: int actionBarItemBackground
com.scanner.fbs_scanner.R$attr: int actionBarPopupTheme
com.scanner.fbs_scanner.R$attr: int actionBarSize
com.scanner.fbs_scanner.R$attr: int actionBarSplitStyle
com.scanner.fbs_scanner.R$attr: int actionBarStyle
com.scanner.fbs_scanner.R$attr: int actionBarTabBarStyle
com.scanner.fbs_scanner.R$attr: int actionBarTabStyle
com.scanner.fbs_scanner.R$attr: int actionBarTabTextStyle
com.scanner.fbs_scanner.R$attr: int actionBarTheme
com.scanner.fbs_scanner.R$attr: int actionBarWidgetTheme
com.scanner.fbs_scanner.R$attr: int actionButtonStyle
com.scanner.fbs_scanner.R$attr: int actionDropDownStyle
com.scanner.fbs_scanner.R$attr: int actionLayout
com.scanner.fbs_scanner.R$attr: int actionMenuTextAppearance
com.scanner.fbs_scanner.R$attr: int actionMenuTextColor
com.scanner.fbs_scanner.R$attr: int actionModeBackground
com.scanner.fbs_scanner.R$attr: int actionModeCloseButtonStyle
com.scanner.fbs_scanner.R$attr: int actionModeCloseDrawable
com.scanner.fbs_scanner.R$attr: int actionModeCopyDrawable
com.scanner.fbs_scanner.R$attr: int actionModeCutDrawable
com.scanner.fbs_scanner.R$attr: int actionModeFindDrawable
com.scanner.fbs_scanner.R$attr: int actionModePasteDrawable
com.scanner.fbs_scanner.R$attr: int actionModePopupWindowStyle
com.scanner.fbs_scanner.R$attr: int actionModeSelectAllDrawable
com.scanner.fbs_scanner.R$attr: int actionModeShareDrawable
com.scanner.fbs_scanner.R$bool: int abc_action_bar_embed_tabs
com.scanner.fbs_scanner.R$bool: int abc_allow_stacked_button_bar
com.scanner.fbs_scanner.R$bool: int abc_config_actionMenuItemAllCaps
com.scanner.fbs_scanner.R$bool: int mtrl_btn_textappearance_all_caps
...
android.support.v7.appcompat.R$string: int abc_action_bar_home_description
android.support.v7.appcompat.R$string: int abc_action_bar_up_description
android.support.v7.appcompat.R$string: int abc_action_menu_overflow_description
android.support.v7.appcompat.R$string: int abc_action_mode_done
android.support.v7.appcompat.R$string: int abc_activity_chooser_view_see_all
android.support.v7.appcompat.R$string: int abc_activitychooserview_choose_application
android.support.v7.appcompat.R$string: int abc_capital_off
android.support.v7.appcompat.R$string: int abc_capital_on
android.support.v7.appcompat.R$string: int abc_font_family_body_1_material
android.support.v7.appcompat.R$string: int abc_font_family_body_2_material
android.support.v7.appcompat.R$string: int abc_font_family_button_material
android.support.v7.appcompat.R$string: int abc_font_family_caption_material
android.support.v7.appcompat.R$string: int abc_font_family_display_1_material
android.support.v7.appcompat.R$string: int abc_font_family_display_2_material
android.support.v7.appcompat.R$string: int abc_font_family_display_3_material
android.support.v7.appcompat.R$string: int abc_font_family_display_4_material
android.support.v7.appcompat.R$string: int abc_font_family_headline_material
android.support.v7.appcompat.R$string: int abc_font_family_menu_material
android.support.v7.appcompat.R$string: int abc_font_family_subhead_material
android.support.v7.appcompat.R$string: int abc_font_family_title_material
android.support.v7.appcompat.R$style: int AlertDialog_AppCompat
android.support.v7.appcompat.R$style: int AlertDialog_AppCompat_Light
android.support.v7.appcompat.R$style: int Animation_AppCompat_Dialog
android.support.v7.appcompat.R$style: int Animation_AppCompat_DropDownUp
android.support.v7.appcompat.R$style: int Animation_AppCompat_Tooltip
android.support.v7.appcompat.R$style: int Base_AlertDialog_AppCompat
android.support.v7.appcompat.R$style: int Base_AlertDialog_AppCompat_Light
android.support.v7.appcompat.R$style: int Base_Animation_AppCompat_Dialog
android.support.v7.appcompat.R$style: int Base_Animation_AppCompat_DropDownUp
android.support.v7.appcompat.R$style: int Base_Animation_AppCompat_Tooltip
android.support.v7.appcompat.R$style: int Base_DialogWindowTitleBackground_AppCompat
android.support.v7.appcompat.R$style: int Base_DialogWindowTitle_AppCompat
android.support.v7.appcompat.R$style: int Base_TextAppearance_AppCompat
android.support.v7.appcompat.R$style: int Base_TextAppearance_AppCompat_Body1
android.support.v7.appcompat.R$style: int Base_TextAppearance_AppCompat_Body2
android.support.v7.appcompat.R$style: int Base_TextAppearance_AppCompat_Button
android.support.v7.appcompat.R$style: int Base_TextAppearance_AppCompat_Caption
android.support.v7.appcompat.R$style: int Base_TextAppearance_AppCompat_Display1
android.support.v7.appcompat.R$style: int Base_TextAppearance_AppCompat_Display2