app/build/outputs/mapping/release/mapping.txt
com.scanner.fbs_scanner.Activityklassen.Anzeige -> com.scanner.fbs_scanner.Activityklassen.Anzeige:
    android.widget.ListView lv_raeume -> k
    android.support.v4.widget.SwipeRefreshLayout refreshLayout -> l
    void <init>() -> <init>
    void onCreate(android.os.Bundle) -> onCreate
    boolean onCreateOptionsMenu(android.view.Menu) -> onCreateOptionsMenu
    void onCreateContextMenu(android.view.ContextMenu,android.view.View,android.view.ContextMenu$ContextMenuInfo) -> onCreateContextMenu
    boolean onContextItemSelected(android.view.MenuItem) -> onContextItemSelected
    void ladeRaeume() -> k
    boolean onOptionsItemSelected(android.view.MenuItem) -> onOptionsItemSelected
    void access$000(com.scanner.fbs_scanner.Activityklassen.Anzeige) -> a
com.scanner.fbs_scanner.Activityklassen.Anzeige$1 -> com.scanner.fbs_scanner.Activityklassen.Anzeige$1:
    com.scanner.fbs_scanner.Activityklassen.Anzeige this$0 -> a
    void <init>(com.scanner.fbs_scanner.Activityklassen.Anzeige) -> <init>
    void onItemClick(android.widget.AdapterView,android.view.View,int,long) -> onItemClick
com.scanner.fbs_scanner.Activityklassen.Anzeige$2 -> com.scanner.fbs_scanner.Activityklassen.Anzeige$2:
    com.scanner.fbs_scanner.Activityklassen.Anzeige this$0 -> a
    void <init>(com.scanner.fbs_scanner.Activityklassen.Anzeige) -> <init>
    void onRefresh() -> a
com.scanner.fbs_scanner.Activityklassen.Hauptmenue -> com.scanner.fbs_scanner.Activityklassen.Hauptmenue:
    android.widget.Button btn_raumerfassen -> k
    android.widget.Button btn_anzeigen -> l
    android.widget.ImageButton ib_homepage -> m
    void <init>() -> <init>
    void onCreate(android.os.Bundle) -> onCreate
com.scanner.fbs_scanner.Activityklassen.Hauptmenue$1 -> com.scanner.fbs_scanner.Activityklassen.Hauptmenue$1:
    com.scanner.fbs_scanner.Activityklassen.Hauptmenue this$0 -> a
    void <init>(com.scanner.fbs_scanner.Activityklassen.Hauptmenue) -> <init>
    void onClick(android.view.View) -> onClick
com.scanner.fbs_scanner.Activityklassen.Hauptmenue$1$1 -> com.scanner.fbs_scanner.Activityklassen.Hauptmenue$1$1:
    android.widget.EditText val$taskEditText -> a
    com.scanner.fbs_scanner.Activityklassen.Hauptmenue$1 this$1 -> b
    void <init>(com.scanner.fbs_scanner.Activityklassen.Hauptmenue$1,android.widget.EditText) -> <init>
    boolean onEditorAction(android.widget.TextView,int,android.view.KeyEvent) -> onEditorAction
com.scanner.fbs_scanner.Activityklassen.Hauptmenue$1$2 -> com.scanner.fbs_scanner.Activityklassen.Hauptmenue$1$2:
    com.scanner.fbs_scanner.Activityklassen.Hauptmenue$1 this$1 -> a
    void <init>(com.scanner.fbs_scanner.Activityklassen.Hauptmenue$1) -> <init>
    void onClick(android.content.DialogInterface,int) -> onClick
com.scanner.fbs_scanner.Activityklassen.Hauptmenue$1$3 -> com.scanner.fbs_scanner.Activityklassen.Hauptmenue$1$3:
    android.widget.EditText val$taskEditText -> a
    com.scanner.fbs_scanner.Activityklassen.Hauptmenue$1 this$1 -> b
    void <init>(com.scanner.fbs_scanner.Activityklassen.Hauptmenue$1,android.widget.EditText) -> <init>
    void onClick(android.content.DialogInterface,int) -> onClick
com.scanner.fbs_scanner.Activityklassen.Hauptmenue$2 -> com.scanner.fbs_scanner.Activityklassen.Hauptmenue$2:
    com.scanner.fbs_scanner.Activityklassen.Hauptmenue this$0 -> a
    void <init>(com.scanner.fbs_scanner.Activityklassen.Hauptmenue) -> <init>
    void onClick(android.view.View) -> onClick
com.scanner.fbs_scanner.Activityklassen.Hauptmenue$3 -> com.scanner.fbs_scanner.Activityklassen.Hauptmenue$3:
    com.scanner.fbs_scanner.Activityklassen.Hauptmenue this$0 -> a
    void <init>(com.scanner.fbs_scanner.Activityklassen.Hauptmenue) -> <init>
    void onClick(android.view.View) -> onClick
...
android.support.design.widget.BaseTransientBottomBar$11 -> android.support.design.widget.BaseTransientBottomBar$3:
    int previousAnimatedIntValue -> b
    android.support.design.widget.BaseTransientBottomBar this$0 -> a
    void <init>(android.support.design.widget.BaseTransientBottomBar) -> <init>
    void onAnimationUpdate(android.animation.ValueAnimator) -> onAnimationUpdate
android.support.design.widget.BaseTransientBottomBar$2 -> android.support.design.widget.BaseTransientBottomBar$4:
    android.support.design.widget.BaseTransientBottomBar this$0 -> a
    void <init>(android.support.design.widget.BaseTransientBottomBar) -> <init>
    android.support.v4.view.WindowInsetsCompat onApplyWindowInsets(android.view.View,android.support.v4.view.WindowInsetsCompat) -> a
android.support.design.widget.BaseTransientBottomBar$3 -> android.support.design.widget.BaseTransientBottomBar$5:
    android.support.design.widget.BaseTransientBottomBar this$0 -> a
    void <init>(android.support.design.widget.BaseTransientBottomBar) -> <init>
    void onInitializeAccessibilityNodeInfo(android.view.View,android.support.v4.view.accessibility.AccessibilityNodeInfoCompat) -> a
    boolean performAccessibilityAction(android.view.View,int,android.os.Bundle) -> a
android.support.design.widget.BaseTransientBottomBar$4 -> android.support.design.widget.BaseTransientBottomBar$6:
    android.support.design.widget.BaseTransientBottomBar this$0 -> a
    void <init>(android.support.design.widget.BaseTransientBottomBar) -> <init>
    void show() -> a
    void dismiss(int) -> a
android.support.design.widget.BaseTransientBottomBar$5 -> android.support.design.widget.BaseTransientBottomBar$7:
    android.support.design.widget.BaseTransientBottomBar this$0 -> a
    void <init>(android.support.design.widget.BaseTransientBottomBar) -> <init>
    void onDismiss(android.view.View) -> a
    void onDragStateChanged(int) -> a
android.support.design.widget.BaseTransientBottomBar$6 -> android.support.design.widget.BaseTransientBottomBar$8:
    android.support.design.widget.BaseTransientBottomBar this$0 -> a
    void <init>(android.support.design.widget.BaseTransientBottomBar) -> <init>
    void onViewAttachedToWindow(android.view.View) -> a
    void onViewDetachedFromWindow(android.view.View) -> b
android.support.design.widget.BaseTransientBottomBar$6$1 -> android.support.design.widget.BaseTransientBottomBar$8$1:
    android.support.design.widget.BaseTransientBottomBar$6 this$1 -> a
    void <init>(android.support.design.widget.BaseTransientBottomBar$6) -> <init>
    void run() -> run
android.support.design.widget.BaseTransientBottomBar$7 -> android.support.design.widget.BaseTransientBottomBar$9:
    android.support.design.widget.BaseTransientBottomBar this$0 -> a
    void <init>(android.support.design.widget.BaseTransientBottomBar) -> <init>
    void onLayoutChange(android.view.View,int,int,int,int) -> a
android.support.design.widget.BaseTransientBottomBar$8 -> android.support.design.widget.BaseTransientBottomBar$10:
    android.support.design.widget.BaseTransientBottomBar this$0 -> a
    void <init>(android.support.design.widget.BaseTransientBottomBar) -> <init>
    void onAnimationStart(android.animation.Animator) -> onAnimationStart
    void onAnimationEnd(android.animation.Animator) -> onAnimationEnd
android.support.design.widget.BaseTransientBottomBar$9 -> android.support.design.widget.BaseTransientBottomBar$11:
    int previousAnimatedIntValue -> c
    int val$translationYBottom -> a
    android.support.design.widget.BaseTransientBottomBar this$0 -> b
    void <init>(android.support.design.widget.BaseTransientBottomBar,int) -> <init>
    void onAnimationUpdate(android.animation.ValueAnimator) -> onAnimationUpdate
android.support.design.widget.BaseTransientBottomBar$BaseCallback -> android.support.design.widget.BaseTransientBottomBar$a:
    void <init>() -> <init>
    void onDismissed(java.lang.Object,int) -> a
    void onShown(java.lang.Object) -> a