app/build/outputs/mapping/release/usage.txt
com.scanner.fbs_scanner.BuildConfig
com.scanner.fbs_scanner.R
com.scanner.fbs_scanner.R$anim
com.scanner.fbs_scanner.R$animator
com.scanner.fbs_scanner.R$array
com.scanner.fbs_scanner.R$attr
com.scanner.fbs_scanner.R$bool
com.scanner.fbs_scanner.R$color
com.scanner.fbs_scanner.R$dimen
com.scanner.fbs_scanner.R$drawable
com.scanner.fbs_scanner.R$id
com.scanner.fbs_scanner.R$integer
com.scanner.fbs_scanner.R$interpolator
com.scanner.fbs_scanner.R$layout
com.scanner.fbs_scanner.R$menu
com.scanner.fbs_scanner.R$mipmap
com.scanner.fbs_scanner.R$string
com.scanner.fbs_scanner.R$style
com.scanner.fbs_scanner.R$styleable
com.scanner.fbs_scanner.Standardklassen.DateiHelper:
    public static final java.lang.String schreibPermission
    public static final java.lang.String lesePermission
    public static final int STORAGE_REQUEST_CODE
    30:30:public DateiHelper()
com.scanner.fbs_scanner.Standardklassen.Geraet:
    45:46:public void setRaumNr(java.lang.String)
    49:50:public void setGeraeteTyp(java.lang.String)
    53:54:public void setInventarnummer(java.lang.String)
    57:58:public void setNotiz(java.lang.String)
com.scanner.fbs_scanner.Standardklassen.IntentIntegrator:
    public static final int REQUEST_CODE
    private static final java.lang.String BS_PACKAGE
    private static final java.lang.String BSPLUS_PACKAGE
    private static final int FLAG_NEW_DOC
    139:159:public IntentIntegrator(android.app.Fragment)
    170:170:public java.lang.String getTitle()
    174:175:public void setTitle(java.lang.String)
    178:179:public void setTitleByID(int)
    182:182:public java.lang.String getMessage()
    186:187:public void setMessage(java.lang.String)
    190:191:public void setMessageByID(int)
    194:194:public java.lang.String getButtonYes()
    198:199:public void setButtonYes(java.lang.String)
    202:203:public void setButtonYesByID(int)
    206:206:public java.lang.String getButtonNo()
    210:211:public void setButtonNo(java.lang.String)
    214:215:public void setButtonNoByID(int)
    218:218:public java.util.Collection getTargetApplications()
    222:226:public final void setTargetApplications(java.util.List)
    229:230:public void setSingleTargetApplication(java.lang.String)
    233:233:public java.util.Map getMoreExtras()
    237:238:public final void addExtra(java.lang.String,java.lang.Object)
    258:258:public final android.app.AlertDialog initiateScan(int)
    271:271:public final android.app.AlertDialog initiateScan(java.util.Collection)
    434:434:public final android.app.AlertDialog shareText(java.lang.CharSequence)
com.scanner.fbs_scanner.Standardklassen.IntentResult:
    60:60:public java.lang.String getFormatName()
    67:67:public byte[] getRawBytes()
    74:74:public java.lang.Integer getOrientation()
    81:81:public java.lang.String getErrorCorrectionLevel()
com.scanner.fbs_scanner.Standardklassen.TinyDB
...
android.support.constraint.solver.widgets.Analyzer:
    32:33:private Analyzer()
android.support.constraint.solver.widgets.Barrier:
    public static final int LEFT
    public static final int RIGHT
    public static final int TOP
    public static final int BOTTOM
    51:51:public boolean allowsGoneWidget()
android.support.constraint.solver.widgets.Chain:
    private static final boolean DEBUG
    30:30:Chain()
android.support.constraint.solver.widgets.ChainHead:
    163:163:public android.support.constraint.solver.widgets.ConstraintWidget getFirst()
    167:167:public android.support.constraint.solver.widgets.ConstraintWidget getFirstVisibleWidget()
    171:171:public android.support.constraint.solver.widgets.ConstraintWidget getLast()
    175:175:public android.support.constraint.solver.widgets.ConstraintWidget getLastVisibleWidget()
    179:179:public android.support.constraint.solver.widgets.ConstraintWidget getHead()
    183:183:public android.support.constraint.solver.widgets.ConstraintWidget getFirstMatchConstraintWidget()
    187:187:public android.support.constraint.solver.widgets.ConstraintWidget getLastMatchConstraintWidget()
    191:191:public float getTotalWeight()
android.support.constraint.solver.widgets.ConstraintAnchor:
    private static final boolean ALLOW_BINARY
    public static final int USER_CREATOR
    public static final int SCOUT_CREATOR
    public static final int AUTO_CONSTRAINT_CREATOR
    private static final int UNSET_GONE_MARGIN
    150:150:public android.support.constraint.solver.widgets.ConstraintAnchor$ConnectionType getConnectionType()
    157:158:public void setConnectionType(android.support.constraint.solver.widgets.ConstraintAnchor$ConnectionType)
    169:169:public void setConnectionCreator(int)
    241:241:public boolean connect(android.support.constraint.solver.widgets.ConstraintAnchor,int,int)
    251:251:public boolean connect(android.support.constraint.solver.widgets.ConstraintAnchor,int)
    316:329:public boolean isSideAnchor()
    340:362:public boolean isSimilarDimensionConnection(android.support.constraint.solver.widgets.ConstraintAnchor)
    370:373:public void setStrength(android.support.constraint.solver.widgets.ConstraintAnchor$Strength)
    380:383:public void setMargin(int)
    390:393:public void setGoneMargin(int)
    401:414:public boolean isVerticalAnchor()
    435:446:public int getSnapPriorityLevel()
    457:468:public int getPriorityLevel()
    479:533:public boolean isSnapCompatibleWith(android.support.constraint.solver.widgets.ConstraintAnchor)
android.support.constraint.solver.widgets.ConstraintHorizontalLayout
android.support.constraint.solver.widgets.ConstraintHorizontalLayout$ContentAlignment
android.support.constraint.solver.widgets.ConstraintTableLayout
android.support.constraint.solver.widgets.ConstraintTableLayout$HorizontalSlice
android.support.constraint.solver.widgets.ConstraintTableLayout$VerticalSlice